the output file is sam_md5_subset_tests/ERR1203383_PE.sam
[M::main_mem] mean insert size: 170.000, stddev: 80.000, max: 500, min: 1
malloc bwt->bwt 3107576584, 0x580000486040
malloc bwt->sa 1553788264, 0x5800b9823b60
[M::bwa_idx_load_from_disk] read 0 ALT contigs
malloc pac 776894131, 0x580116285940
the input file is ../data/ERR1203383_1.fastq_1
the input file is ../data/ERR1203383_2.fastq_1
[M::process] read block (117964800)...
[M::mem_process_seqs_merge2] Processed 1057218 reads in 4.030 CPU sec, 4.075 real sec
[M::process] read block (117964800)...
[M::mem_process_seqs_merge2] Processed 942782 reads in 3.420 CPU sec, 3.445 real sec
[M::process] read block (117964800)...

======================= SWBWA Timing Report =======================
  Accumulated wall-clock time; indented rows are included in
  their parent row and must not be added to it.

  Pipeline
    total - complete three-stage pipeline                    25.342 s
    stage 1 - allocate and read raw FASTQ blocks              4.929 s
    stage 2 - align reads and generate SAM records            7.520 s
    stage 3 - write SAM and release batch data               12.845 s
      SAM output writes                                        12.133 s
      batch cleanup and loop overhead (derived)                 0.712 s

  Stage 2 worker details
    total - active merge worker                               7.520 s
      part 1 - prepare CPE task and reusable buffers            0.542 s
      part 2 - CPE FASTQ formatting and input release           0.020 s
      part 3 - CPE alignment and SAM length pass                6.727 s
      part 4 - assign slices in the shared SAM buffer           0.152 s
      part 5 - CPE SAM record generation                        0.079 s
      part 6 - release temporary worker data                    0.000 s

  Reserved allocator timers (no active timing sites)
    malloc timer                                              0.000 s
    free timer                                                0.000 s
===================================================================

[main] Version: 0.0.1
[main] CMD: ./SWBWA mem -t 1 -1 -o sam_md5_subset_tests/ERR1203383_PE.sam -I 170,80,500,1 -K 50000000 ../data/GRCh38.d1.vd1.fa ../data/ERR1203383_1.fastq_1 ../data/ERR1203383_2.fastq_1

===================== Host Memory Report =====================
  Process memory
    peak virtual memory (VmPeak)                  116.350 GiB  (  119142.734 MiB)
    current virtual memory (VmSize)               116.350 GiB  (  119142.734 MiB)
    peak resident memory (VmHWM)                    0.027 GiB  (      27.820 MiB)
    current resident memory (VmRSS)                 0.027 GiB  (      27.820 MiB)

  Wrapped allocation requests
    malloc calls                                       26
    calloc calls                                       19
    realloc calls                                       3
    strdup calls                                     5558
    free calls                                       5607
    allocation calls                                 5606
    failed allocation calls                             0

  Requested bytes (cumulative, not concurrent)
    malloc                                          4.502 GiB  (    4609.967 MiB)
    calloc                                          5.065 GiB  (    5186.452 MiB)
    realloc target sizes                            0.000 GiB  (       0.000 MiB)
    strdup                                          0.000 GiB  (       0.335 MiB)
    total requested                                 9.567 GiB  (    9796.754 MiB)
    largest single request                          2.894 GiB  (    2963.616 MiB)
    largest request site: bwt.c:475 (bwt_restore_bwt)
==============================================================
