the output file is sam_md5_subset_tests/SRR2496709_PE.sam
[M::main_mem] mean insert size: 170.000, stddev: 80.000, max: 500, min: 1
malloc bwt->bwt 3107576584, 0x580000486040
malloc bwt->sa 1553788264, 0x5800b9823b60
[M::bwa_idx_load_from_disk] read 0 ALT contigs
malloc pac 776894131, 0x580116285940
the input file is ../data/SRR2496709_1.fastq_1
the input file is ../data/SRR2496709_2.fastq_1
[M::process] read block (117964800)...
[M::mem_process_seqs_merge2] Processed 858032 reads in 3.930 CPU sec, 3.948 real sec
[M::process] read block (117964800)...
[M::mem_process_seqs_merge2] Processed 854810 reads in 3.630 CPU sec, 3.644 real sec
[M::process] read block (117964800)...
[M::mem_process_seqs_merge2] Processed 846702 reads in 4.860 CPU sec, 4.880 real sec
[M::process] read block (117964800)...
[M::mem_process_seqs_merge2] Processed 842600 reads in 3.670 CPU sec, 3.718 real sec
[M::process] read block (117964800)...
[M::mem_process_seqs_merge2] Processed 800326 reads in 5.180 CPU sec, 5.178 real sec
[M::process] read block (117964800)...

======================= SWBWA Timing Report =======================
  Accumulated wall-clock time; indented rows are included in
  their parent row and must not be added to it.

  Pipeline
    total - complete three-stage pipeline                    65.529 s
    stage 1 - allocate and read raw FASTQ blocks             10.399 s
    stage 2 - align reads and generate SAM records           21.369 s
    stage 3 - write SAM and release batch data               33.714 s
      SAM output writes                                        32.215 s
      batch cleanup and loop overhead (derived)                 1.498 s

  Stage 2 worker details
    total - active merge worker                              21.369 s
      part 1 - prepare CPE task and reusable buffers            0.586 s
      part 2 - CPE FASTQ formatting and input release           0.049 s
      part 3 - CPE alignment and SAM length pass               20.218 s
      part 4 - assign slices in the shared SAM buffer           0.324 s
      part 5 - CPE SAM record generation                        0.191 s
      part 6 - release temporary worker data                    0.000 s

  Reserved allocator timers (no active timing sites)
    malloc timer                                              0.000 s
    free timer                                                0.000 s
===================================================================

[main] Version: 0.0.1
[main] CMD: ./SWBWA mem -t 1 -1 -o sam_md5_subset_tests/SRR2496709_PE.sam -I 170,80,500,1 -K 50000000 ../data/GRCh38.d1.vd1.fa ../data/SRR2496709_1.fastq_1 ../data/SRR2496709_2.fastq_1

===================== Host Memory Report =====================
  Process memory
    peak virtual memory (VmPeak)                  116.350 GiB  (  119142.734 MiB)
    current virtual memory (VmSize)               116.350 GiB  (  119142.734 MiB)
    peak resident memory (VmHWM)                    0.027 GiB  (      27.820 MiB)
    current resident memory (VmRSS)                 0.027 GiB  (      27.820 MiB)

  Wrapped allocation requests
    malloc calls                                       47
    calloc calls                                       22
    realloc calls                                       3
    strdup calls                                     5558
    free calls                                       5631
    allocation calls                                 5630
    failed allocation calls                             0

  Requested bytes (cumulative, not concurrent)
    malloc                                          5.675 GiB  (    5811.410 MiB)
    calloc                                          5.065 GiB  (    5186.452 MiB)
    realloc target sizes                            0.000 GiB  (       0.000 MiB)
    strdup                                          0.000 GiB  (       0.335 MiB)
    total requested                                10.740 GiB  (   10998.197 MiB)
    largest single request                          2.894 GiB  (    2963.616 MiB)
    largest request site: bwt.c:475 (bwt_restore_bwt)
==============================================================
