the output file is sam_md5_subset_tests/SRR7963242_SE.sam
[M::main_mem] mean insert size: 170.000, stddev: 80.000, max: 500, min: 1
malloc bwt->bwt 3107576584, 0x580000486040
malloc bwt->sa 1553788264, 0x5800b9823b60
[M::bwa_idx_load_from_disk] read 0 ALT contigs
malloc pac 776894131, 0x580116285940
the input file is ../data/SRR7963242_1.fastq_1
[M::process] read block (117964800)...
[M::mem_process_seqs_merge2] Processed 314916 reads in 0.610 CPU sec, 2.743 real sec
[M::process] read block (117964800)...
[M::mem_process_seqs_merge2] Processed 313734 reads in 0.030 CPU sec, 1.725 real sec
[M::process] read block (117964800)...
[M::mem_process_seqs_merge2] Processed 313734 reads in 0.030 CPU sec, 1.639 real sec
[M::process] read block (117964800)...
[M::mem_process_seqs_merge2] Processed 311038 reads in 0.040 CPU sec, 1.623 real sec
[M::process] read block (117964800)...
[M::mem_process_seqs_merge2] Processed 310431 reads in 0.040 CPU sec, 1.682 real sec
[M::process] read block (117964800)...
[M::mem_process_seqs_merge2] Processed 310431 reads in 0.030 CPU sec, 1.669 real sec
[M::process] read block (117964800)...
[M::mem_process_seqs_merge2] Processed 310431 reads in 0.040 CPU sec, 1.592 real sec
[M::process] read block (117964800)...
[M::mem_process_seqs_merge2] Processed 310431 reads in 0.030 CPU sec, 1.607 real sec
[M::process] read block (117964800)...
[M::mem_process_seqs_merge2] Processed 4854 reads in 0.010 CPU sec, 0.167 real sec
[M::process] read block (117964800)...

======================= SWBWA Timing Report =======================
  Accumulated wall-clock time; indented rows are included in
  their parent row and must not be added to it.

  Pipeline
    total - complete three-stage pipeline                    45.482 s
    stage 1 - allocate and read raw FASTQ blocks              6.919 s
    stage 2 - align reads and generate SAM records           14.452 s
    stage 3 - write SAM and release batch data               24.073 s
      SAM output writes                                        23.180 s
      batch cleanup and loop overhead (derived)                 0.893 s

  Stage 2 worker details
    total - active merge worker                              14.447 s
      part 1 - prepare CPE task and reusable buffers            0.702 s
      part 2 - CPE FASTQ formatting and input release           0.105 s
      part 3 - CPE alignment and SAM length pass               13.309 s
      part 4 - assign slices in the shared SAM buffer           0.188 s
      part 5 - CPE SAM record generation                        0.142 s
      part 6 - release temporary worker data                    0.000 s

  Reserved allocator timers (no active timing sites)
    malloc timer                                              0.000 s
    free timer                                                0.000 s
===================================================================

[main] Version: 0.0.1
[main] CMD: ./SWBWA mem -t 1 -1 -o sam_md5_subset_tests/SRR7963242_SE.sam -I 170,80,500,1 -K 50000000 ../data/GRCh38.d1.vd1.fa ../data/SRR7963242_1.fastq_1

===================== Host Memory Report =====================
  Process memory
    peak virtual memory (VmPeak)                  116.348 GiB  (  119140.789 MiB)
    current virtual memory (VmSize)               116.346 GiB  (  119138.805 MiB)
    peak resident memory (VmHWM)                    0.027 GiB  (      27.898 MiB)
    current resident memory (VmRSS)                 0.027 GiB  (      27.898 MiB)

  Wrapped allocation requests
    malloc calls                                       70
    calloc calls                                       23
    realloc calls                                       3
    strdup calls                                     5558
    free calls                                       5656
    allocation calls                                 5654
    failed allocation calls                             0

  Requested bytes (cumulative, not concurrent)
    malloc                                         16.261 GiB  (   16651.420 MiB)
    calloc                                          5.065 GiB  (    5186.452 MiB)
    realloc target sizes                            0.000 GiB  (       0.000 MiB)
    strdup                                          0.000 GiB  (       0.335 MiB)
    total requested                                21.326 GiB  (   21838.207 MiB)
    largest single request                          9.000 GiB  (    9216.000 MiB)
    largest request site: fastmap.c:416 (init_cpe_allocator)
==============================================================
