the output file is sam_md5_subset_tests/ERR1203383_SE.sam
[M::main_mem] mean insert size: 170.000, stddev: 80.000, max: 500, min: 1
malloc bwt->bwt 3107576584, 0x500002429500
malloc bwt->sa 1553788264, 0x5000bb7c7020
[M::bwa_idx_load_from_disk] read 0 ALT contigs
malloc pac 776894131, 0x500118228940
the input file is ../data/ERR1203383_1.fastq_1
[M::process] read block (19660800)...
[M::mem_process_seqs_merge2] Processed 89565 reads in 1.140 CPU sec, 1.142 real sec
[M::process] read block (19660800)...
[M::mem_process_seqs_merge2] Processed 87954 reads in 0.680 CPU sec, 0.682 real sec
[M::process] read block (19660800)...
[M::mem_process_seqs_merge2] Processed 87767 reads in 0.660 CPU sec, 0.660 real sec
[M::process] read block (19660800)...
[M::mem_process_seqs_merge2] Processed 87767 reads in 0.650 CPU sec, 0.656 real sec
[M::process] read block (19660800)...
[M::mem_process_seqs_merge2] Processed 87767 reads in 0.630 CPU sec, 0.628 real sec
[M::process] read block (19660800)...
[M::mem_process_seqs_merge2] Processed 87767 reads in 0.690 CPU sec, 0.692 real sec
[M::process] read block (19660800)...
[M::mem_process_seqs_merge2] Processed 87767 reads in 0.740 CPU sec, 0.739 real sec
[M::process] read block (19660800)...
[M::mem_process_seqs_merge2] Processed 87767 reads in 0.700 CPU sec, 0.700 real sec
[M::process] read block (19660800)...
[M::mem_process_seqs_merge2] Processed 87767 reads in 0.710 CPU sec, 0.708 real sec
[M::process] read block (19660800)...
[M::mem_process_seqs_merge2] Processed 87767 reads in 0.680 CPU sec, 0.681 real sec
[M::process] read block (19660800)...
[M::mem_process_seqs_merge2] Processed 87767 reads in 0.630 CPU sec, 0.629 real sec
[M::process] read block (19660800)...
[M::mem_process_seqs_merge2] Processed 32578 reads in 0.240 CPU sec, 0.244 real sec
[M::process] read block (19660800)...

======================= SWBWA Timing Report =======================
  Accumulated wall-clock time; indented rows are included in
  their parent row and must not be added to it.

  Pipeline
    total - complete three-stage pipeline                    16.335 s
    stage 1 - allocate and read raw FASTQ blocks              2.404 s
    stage 2 - align reads and generate SAM records            8.161 s
    stage 3 - write SAM and release batch data                5.729 s
      SAM output writes                                         5.365 s
      batch cleanup and loop overhead (derived)                 0.364 s

  Stage 2 worker details
    total - active merge worker                               8.159 s
      part 1 - prepare CPE task and reusable buffers            0.653 s
      part 2 - CPE FASTQ formatting and input release           0.064 s
      part 3 - CPE alignment and SAM length pass                7.272 s
      part 4 - assign slices in the shared SAM buffer           0.070 s
      part 5 - CPE SAM record generation                        0.100 s
      part 6 - release temporary worker data                    0.000 s

  Reserved allocator timers (no active timing sites)
    malloc timer                                              0.000 s
    free timer                                                0.000 s
===================================================================

[main] Version: 0.0.1
[main] CMD: ./SWBWA mem -t 1 -1 -o sam_md5_subset_tests/ERR1203383_SE.sam -I 170,80,500,1 -K 50000000 ../data/GRCh38.d1.vd1.fa ../data/ERR1203383_1.fastq_1

===================== Host Memory Report =====================
  Process memory
    peak virtual memory (VmPeak)                   28.770 GiB  (   29460.711 MiB)
    current virtual memory (VmSize)                28.768 GiB  (   29458.727 MiB)
    peak resident memory (VmHWM)                    0.027 GiB  (      27.812 MiB)
    current resident memory (VmRSS)                 0.027 GiB  (      27.812 MiB)

  Wrapped allocation requests
    malloc calls                                       83
    calloc calls                                       26
    realloc calls                                       3
    strdup calls                                     5558
    free calls                                       5679
    allocation calls                                 5670
    failed allocation calls                             0

  Requested bytes (cumulative, not concurrent)
    malloc                                          5.794 GiB  (    5933.482 MiB)
    calloc                                          5.065 GiB  (    5186.452 MiB)
    realloc target sizes                            0.000 GiB  (       0.000 MiB)
    strdup                                          0.000 GiB  (       0.335 MiB)
    total requested                                10.860 GiB  (   11120.269 MiB)
    largest single request                          2.894 GiB  (    2963.616 MiB)
    largest request site: bwt.c:475 (bwt_restore_bwt)
==============================================================
