the output file is sam_md5_subset_tests/SRR2496709_PE.sam
[M::main_mem] mean insert size: 170.000, stddev: 80.000, max: 500, min: 1
malloc bwt->bwt 3107576584, 0x500002429500
malloc bwt->sa 1553788264, 0x5000bb7c7020
[M::bwa_idx_load_from_disk] read 0 ALT contigs
malloc pac 776894131, 0x500118228940
the input file is ../data/SRR2496709_1.fastq_1
the input file is ../data/SRR2496709_2.fastq_1
[M::process] read block (19660800)...
[M::mem_process_seqs_merge2] Processed 144884 reads in 2.190 CPU sec, 2.187 real sec
[M::process] read block (19660800)...
[M::mem_process_seqs_merge2] Processed 143262 reads in 1.360 CPU sec, 1.361 real sec
[M::process] read block (19660800)...
[M::mem_process_seqs_merge2] Processed 142464 reads in 1.380 CPU sec, 1.379 real sec
[M::process] read block (19660800)...
[M::mem_process_seqs_merge2] Processed 142464 reads in 1.580 CPU sec, 1.573 real sec
[M::process] read block (19660800)...
[M::mem_process_seqs_merge2] Processed 142464 reads in 1.850 CPU sec, 1.843 real sec
[M::process] read block (19660800)...
[M::mem_process_seqs_merge2] Processed 142464 reads in 1.860 CPU sec, 1.860 real sec
[M::process] read block (19660800)...
[M::mem_process_seqs_merge2] Processed 142464 reads in 1.870 CPU sec, 1.878 real sec
[M::process] read block (19660800)...
[M::mem_process_seqs_merge2] Processed 142464 reads in 1.790 CPU sec, 1.788 real sec
[M::process] read block (19660800)...
[M::mem_process_seqs_merge2] Processed 142464 reads in 1.400 CPU sec, 1.392 real sec
[M::process] read block (19660800)...
[M::mem_process_seqs_merge2] Processed 142464 reads in 1.460 CPU sec, 1.459 real sec
[M::process] read block (19660800)...
[M::mem_process_seqs_merge2] Processed 142464 reads in 1.350 CPU sec, 1.349 real sec
[M::process] read block (19660800)...
[M::mem_process_seqs_merge2] Processed 142464 reads in 1.560 CPU sec, 1.561 real sec
[M::process] read block (19660800)...
[M::mem_process_seqs_merge2] Processed 142464 reads in 1.740 CPU sec, 1.739 real sec
[M::process] read block (19660800)...
[M::mem_process_seqs_merge2] Processed 142464 reads in 2.180 CPU sec, 2.172 real sec
[M::process] read block (19660800)...
[M::mem_process_seqs_merge2] Processed 140460 reads in 1.200 CPU sec, 1.203 real sec
[M::process] read block (19660800)...
[M::mem_process_seqs_merge2] Processed 140428 reads in 8.130 CPU sec, 8.130 real sec
[M::process] read block (19660800)...
[M::mem_process_seqs_merge2] Processed 140428 reads in 2.190 CPU sec, 2.193 real sec
[M::process] read block (19660800)...
[M::mem_process_seqs_merge2] Processed 140428 reads in 1.520 CPU sec, 1.523 real sec
[M::process] read block (19660800)...
[M::mem_process_seqs_merge2] Processed 140428 reads in 1.820 CPU sec, 1.817 real sec
[M::process] read block (19660800)...
[M::mem_process_seqs_merge2] Processed 140428 reads in 1.860 CPU sec, 1.856 real sec
[M::process] read block (19660800)...
[M::mem_process_seqs_merge2] Processed 140428 reads in 1.990 CPU sec, 1.987 real sec
[M::process] read block (19660800)...
[M::mem_process_seqs_merge2] Processed 140428 reads in 2.180 CPU sec, 2.181 real sec
[M::process] read block (19660800)...
[M::mem_process_seqs_merge2] Processed 140428 reads in 1.640 CPU sec, 1.642 real sec
[M::process] read block (19660800)...
[M::mem_process_seqs_merge2] Processed 140428 reads in 1.370 CPU sec, 1.374 real sec
[M::process] read block (19660800)...
[M::mem_process_seqs_merge2] Processed 140428 reads in 1.380 CPU sec, 1.375 real sec
[M::process] read block (19660800)...
[M::mem_process_seqs_merge2] Processed 140428 reads in 1.910 CPU sec, 1.904 real sec
[M::process] read block (19660800)...
[M::mem_process_seqs_merge2] Processed 140428 reads in 2.070 CPU sec, 2.074 real sec
[M::process] read block (19660800)...
[M::mem_process_seqs_merge2] Processed 140428 reads in 7.870 CPU sec, 7.870 real sec
[M::process] read block (19660800)...
[M::mem_process_seqs_merge2] Processed 140428 reads in 1.590 CPU sec, 1.586 real sec
[M::process] read block (19660800)...
[M::mem_process_seqs_merge2] Processed 98304 reads in 1.320 CPU sec, 1.319 real sec
[M::process] read block (19660800)...

======================= SWBWA Timing Report =======================
  Accumulated wall-clock time; indented rows are included in
  their parent row and must not be added to it.

  Pipeline
    total - complete three-stage pipeline                   106.428 s
    stage 1 - allocate and read raw FASTQ blocks             10.492 s
    stage 2 - align reads and generate SAM records           63.581 s
    stage 3 - write SAM and release batch data               32.311 s
      SAM output writes                                        30.781 s
      batch cleanup and loop overhead (derived)                 1.531 s

  Stage 2 worker details
    total - active merge worker                              63.577 s
      part 1 - prepare CPE task and reusable buffers            0.864 s
      part 2 - CPE FASTQ formatting and input release           0.268 s
      part 3 - CPE alignment and SAM length pass               61.724 s
      part 4 - assign slices in the shared SAM buffer           0.288 s
      part 5 - CPE SAM record generation                        0.433 s
      part 6 - release temporary worker data                    0.000 s

  Reserved allocator timers (no active timing sites)
    malloc timer                                              0.000 s
    free timer                                                0.000 s
===================================================================

[main] Version: 0.0.1
[main] CMD: ./SWBWA mem -t 1 -1 -o sam_md5_subset_tests/SRR2496709_PE.sam -I 170,80,500,1 -K 50000000 ../data/GRCh38.d1.vd1.fa ../data/SRR2496709_1.fastq_1 ../data/SRR2496709_2.fastq_1

===================== Host Memory Report =====================
  Process memory
    peak virtual memory (VmPeak)                   28.772 GiB  (   29462.734 MiB)
    current virtual memory (VmSize)                28.772 GiB  (   29462.734 MiB)
    peak resident memory (VmHWM)                    0.027 GiB  (      27.812 MiB)
    current resident memory (VmRSS)                 0.027 GiB  (      27.812 MiB)

  Wrapped allocation requests
    malloc calls                                      222
    calloc calls                                       47
    realloc calls                                       3
    strdup calls                                     5558
    free calls                                       5831
    allocation calls                                 5830
    failed allocation calls                             0

  Requested bytes (cumulative, not concurrent)
    malloc                                          9.776 GiB  (   10010.858 MiB)
    calloc                                          5.065 GiB  (    5186.453 MiB)
    realloc target sizes                            0.000 GiB  (       0.000 MiB)
    strdup                                          0.000 GiB  (       0.335 MiB)
    total requested                                14.841 GiB  (   15197.646 MiB)
    largest single request                          2.894 GiB  (    2963.616 MiB)
    largest request site: bwt.c:475 (bwt_restore_bwt)
==============================================================
