the output file is sam_md5_subset_tests/SRR7963242_PE.sam
[M::main_mem] mean insert size: 170.000, stddev: 80.000, max: 500, min: 1
malloc bwt->bwt 3107576584, 0x500002429500
malloc bwt->sa 1553788264, 0x5000bb7c7020
[M::bwa_idx_load_from_disk] read 0 ALT contigs
malloc pac 776894131, 0x500118228940
the input file is ../data/SRR7963242_1.fastq_1
the input file is ../data/SRR7963242_2.fastq_1
[M::process] read block (19660800)...
[M::mem_process_seqs_merge2] Processed 105938 reads in 9.870 CPU sec, 9.862 real sec
[M::process] read block (19660800)...
[M::mem_process_seqs_merge2] Processed 105574 reads in 7.790 CPU sec, 7.784 real sec
[M::process] read block (19660800)...
[M::mem_process_seqs_merge2] Processed 104574 reads in 8.180 CPU sec, 8.185 real sec
[M::process] read block (19660800)...
[M::mem_process_seqs_merge2] Processed 104574 reads in 7.660 CPU sec, 7.657 real sec
[M::process] read block (19660800)...
[M::mem_process_seqs_merge2] Processed 104574 reads in 7.720 CPU sec, 7.722 real sec
[M::process] read block (19660800)...
[M::mem_process_seqs_merge2] Processed 104574 reads in 7.540 CPU sec, 7.541 real sec
[M::process] read block (19660800)...
[M::mem_process_seqs_merge2] Processed 104574 reads in 6.380 CPU sec, 6.378 real sec
[M::process] read block (19660800)...
[M::mem_process_seqs_merge2] Processed 104574 reads in 6.800 CPU sec, 6.794 real sec
[M::process] read block (19660800)...
[M::mem_process_seqs_merge2] Processed 104574 reads in 6.390 CPU sec, 6.393 real sec
[M::process] read block (19660800)...
[M::mem_process_seqs_merge2] Processed 104574 reads in 6.640 CPU sec, 6.643 real sec
[M::process] read block (19660800)...
[M::mem_process_seqs_merge2] Processed 104574 reads in 6.850 CPU sec, 6.850 real sec
[M::process] read block (19660800)...
[M::mem_process_seqs_merge2] Processed 104574 reads in 6.740 CPU sec, 6.745 real sec
[M::process] read block (19660800)...
[M::mem_process_seqs_merge2] Processed 104574 reads in 6.650 CPU sec, 6.649 real sec
[M::process] read block (19660800)...
[M::mem_process_seqs_merge2] Processed 104574 reads in 6.770 CPU sec, 6.770 real sec
[M::process] read block (19660800)...
[M::mem_process_seqs_merge2] Processed 104574 reads in 6.700 CPU sec, 6.694 real sec
[M::process] read block (19660800)...
[M::mem_process_seqs_merge2] Processed 104574 reads in 6.400 CPU sec, 6.406 real sec
[M::process] read block (19660800)...
[M::mem_process_seqs_merge2] Processed 104574 reads in 6.650 CPU sec, 6.656 real sec
[M::process] read block (19660800)...
[M::mem_process_seqs_merge2] Processed 104574 reads in 6.730 CPU sec, 6.726 real sec
[M::process] read block (19660800)...
[M::mem_process_seqs_merge2] Processed 104574 reads in 6.420 CPU sec, 6.423 real sec
[M::process] read block (19660800)...
[M::mem_process_seqs_merge2] Processed 103586 reads in 6.460 CPU sec, 6.462 real sec
[M::process] read block (19660800)...
[M::mem_process_seqs_merge2] Processed 103474 reads in 6.530 CPU sec, 6.524 real sec
[M::process] read block (19660800)...
[M::mem_process_seqs_merge2] Processed 103474 reads in 6.280 CPU sec, 6.286 real sec
[M::process] read block (19660800)...
[M::mem_process_seqs_merge2] Processed 103474 reads in 6.500 CPU sec, 6.495 real sec
[M::process] read block (19660800)...
[M::mem_process_seqs_merge2] Processed 103474 reads in 6.570 CPU sec, 6.573 real sec
[M::process] read block (19660800)...
[M::mem_process_seqs_merge2] Processed 103474 reads in 6.310 CPU sec, 6.313 real sec
[M::process] read block (19660800)...
[M::mem_process_seqs_merge2] Processed 103474 reads in 6.410 CPU sec, 6.408 real sec
[M::process] read block (19660800)...
[M::mem_process_seqs_merge2] Processed 103474 reads in 6.490 CPU sec, 6.498 real sec
[M::process] read block (19660800)...
[M::mem_process_seqs_merge2] Processed 103474 reads in 6.600 CPU sec, 6.614 real sec
[M::process] read block (19660800)...
[M::mem_process_seqs_merge2] Processed 103474 reads in 6.350 CPU sec, 6.360 real sec
[M::process] read block (19660800)...
[M::mem_process_seqs_merge2] Processed 103474 reads in 6.410 CPU sec, 6.409 real sec
[M::process] read block (19660800)...
[M::mem_process_seqs_merge2] Processed 103474 reads in 6.270 CPU sec, 6.268 real sec
[M::process] read block (19660800)...
[M::mem_process_seqs_merge2] Processed 103474 reads in 6.830 CPU sec, 6.837 real sec
[M::process] read block (19660800)...
[M::mem_process_seqs_merge2] Processed 103474 reads in 6.210 CPU sec, 6.220 real sec
[M::process] read block (19660800)...
[M::mem_process_seqs_merge2] Processed 103474 reads in 6.620 CPU sec, 6.624 real sec
[M::process] read block (19660800)...
[M::mem_process_seqs_merge2] Processed 103474 reads in 6.690 CPU sec, 6.690 real sec
[M::process] read block (19660800)...
[M::mem_process_seqs_merge2] Processed 103474 reads in 6.280 CPU sec, 6.282 real sec
[M::process] read block (19660800)...
[M::mem_process_seqs_merge2] Processed 103474 reads in 6.580 CPU sec, 6.574 real sec
[M::process] read block (19660800)...
[M::mem_process_seqs_merge2] Processed 103474 reads in 6.560 CPU sec, 6.556 real sec
[M::process] read block (19660800)...
[M::mem_process_seqs_merge2] Processed 103474 reads in 6.740 CPU sec, 6.739 real sec
[M::process] read block (19660800)...
[M::mem_process_seqs_merge2] Processed 103474 reads in 6.910 CPU sec, 6.914 real sec
[M::process] read block (19660800)...
[M::mem_process_seqs_merge2] Processed 103474 reads in 6.510 CPU sec, 6.505 real sec
[M::process] read block (19660800)...
[M::mem_process_seqs_merge2] Processed 103474 reads in 6.670 CPU sec, 6.675 real sec
[M::process] read block (19660800)...
[M::mem_process_seqs_merge2] Processed 103474 reads in 6.290 CPU sec, 6.291 real sec
[M::process] read block (19660800)...
[M::mem_process_seqs_merge2] Processed 103474 reads in 6.790 CPU sec, 6.793 real sec
[M::process] read block (19660800)...
[M::mem_process_seqs_merge2] Processed 103474 reads in 6.270 CPU sec, 6.267 real sec
[M::process] read block (19660800)...
[M::mem_process_seqs_merge2] Processed 103474 reads in 6.380 CPU sec, 6.379 real sec
[M::process] read block (19660800)...
[M::mem_process_seqs_merge2] Processed 103474 reads in 6.660 CPU sec, 6.653 real sec
[M::process] read block (19660800)...
[M::mem_process_seqs_merge2] Processed 103474 reads in 6.480 CPU sec, 6.474 real sec
[M::process] read block (19660800)...
[M::mem_process_seqs_merge2] Processed 9872 reads in 0.880 CPU sec, 0.884 real sec
[M::process] read block (19660800)...

======================= SWBWA Timing Report =======================
  Accumulated wall-clock time; indented rows are included in
  their parent row and must not be added to it.

  Pipeline
    total - complete three-stage pipeline                   391.867 s
    stage 1 - allocate and read raw FASTQ blocks             18.103 s
    stage 2 - align reads and generate SAM records          324.452 s
    stage 3 - write SAM and release batch data               49.276 s
      SAM output writes                                        47.471 s
      batch cleanup and loop overhead (derived)                 1.805 s

  Stage 2 worker details
    total - active merge worker                             324.447 s
      part 1 - prepare CPE task and reusable buffers            1.078 s
      part 2 - CPE FASTQ formatting and input release           0.408 s
      part 3 - CPE alignment and SAM length pass              322.025 s
      part 4 - assign slices in the shared SAM buffer           0.341 s
      part 5 - CPE SAM record generation                        0.593 s
      part 6 - release temporary worker data                    0.001 s

  Reserved allocator timers (no active timing sites)
    malloc timer                                              0.000 s
    free timer                                                0.000 s
===================================================================

[main] Version: 0.0.1
[main] CMD: ./SWBWA mem -t 1 -1 -o sam_md5_subset_tests/SRR7963242_PE.sam -I 170,80,500,1 -K 50000000 ../data/GRCh38.d1.vd1.fa ../data/SRR7963242_1.fastq_1 ../data/SRR7963242_2.fastq_1

===================== Host Memory Report =====================
  Process memory
    peak virtual memory (VmPeak)                   28.772 GiB  (   29462.734 MiB)
    current virtual memory (VmSize)                28.772 GiB  (   29462.734 MiB)
    peak resident memory (VmHWM)                    0.027 GiB  (      27.812 MiB)
    current resident memory (VmRSS)                 0.027 GiB  (      27.812 MiB)

  Wrapped allocation requests
    malloc calls                                      355
    calloc calls                                       66
    realloc calls                                       3
    strdup calls                                     5558
    free calls                                       5983
    allocation calls                                 5982
    failed allocation calls                             0

  Requested bytes (cumulative, not concurrent)
    malloc                                         13.728 GiB  (   14057.450 MiB)
    calloc                                          5.065 GiB  (    5186.454 MiB)
    realloc target sizes                            0.000 GiB  (       0.000 MiB)
    strdup                                          0.000 GiB  (       0.335 MiB)
    total requested                                18.793 GiB  (   19244.239 MiB)
    largest single request                          2.894 GiB  (    2963.616 MiB)
    largest request site: bwt.c:475 (bwt_restore_bwt)
==============================================================
