the output file is sam_md5_subset_tests/SRR7963242_SE.sam
[M::main_mem] mean insert size: 170.000, stddev: 80.000, max: 500, min: 1
malloc bwt->bwt 3107576584, 0x500002429500
malloc bwt->sa 1553788264, 0x5000bb7c7020
[M::bwa_idx_load_from_disk] read 0 ALT contigs
malloc pac 776894131, 0x500118228940
the input file is ../data/SRR7963242_1.fastq_1
[M::process] read block (19660800)...
[M::mem_process_seqs_merge2] Processed 52969 reads in 2.740 CPU sec, 2.741 real sec
[M::process] read block (19660800)...
[M::mem_process_seqs_merge2] Processed 52787 reads in 1.860 CPU sec, 1.852 real sec
[M::process] read block (19660800)...
[M::mem_process_seqs_merge2] Processed 52287 reads in 2.010 CPU sec, 2.015 real sec
[M::process] read block (19660800)...
[M::mem_process_seqs_merge2] Processed 52287 reads in 1.770 CPU sec, 1.768 real sec
[M::process] read block (19660800)...
[M::mem_process_seqs_merge2] Processed 52287 reads in 1.810 CPU sec, 1.807 real sec
[M::process] read block (19660800)...
[M::mem_process_seqs_merge2] Processed 52287 reads in 1.680 CPU sec, 1.685 real sec
[M::process] read block (19660800)...
[M::mem_process_seqs_merge2] Processed 52287 reads in 1.430 CPU sec, 1.424 real sec
[M::process] read block (19660800)...
[M::mem_process_seqs_merge2] Processed 52287 reads in 1.450 CPU sec, 1.455 real sec
[M::process] read block (19660800)...
[M::mem_process_seqs_merge2] Processed 52287 reads in 1.400 CPU sec, 1.395 real sec
[M::process] read block (19660800)...
[M::mem_process_seqs_merge2] Processed 52287 reads in 1.440 CPU sec, 1.443 real sec
[M::process] read block (19660800)...
[M::mem_process_seqs_merge2] Processed 52287 reads in 1.530 CPU sec, 1.529 real sec
[M::process] read block (19660800)...
[M::mem_process_seqs_merge2] Processed 52287 reads in 1.480 CPU sec, 1.484 real sec
[M::process] read block (19660800)...
[M::mem_process_seqs_merge2] Processed 52287 reads in 1.470 CPU sec, 1.465 real sec
[M::process] read block (19660800)...
[M::mem_process_seqs_merge2] Processed 52287 reads in 1.450 CPU sec, 1.447 real sec
[M::process] read block (19660800)...
[M::mem_process_seqs_merge2] Processed 52287 reads in 1.380 CPU sec, 1.378 real sec
[M::process] read block (19660800)...
[M::mem_process_seqs_merge2] Processed 52287 reads in 1.490 CPU sec, 1.496 real sec
[M::process] read block (19660800)...
[M::mem_process_seqs_merge2] Processed 52287 reads in 1.460 CPU sec, 1.463 real sec
[M::process] read block (19660800)...
[M::mem_process_seqs_merge2] Processed 52287 reads in 1.390 CPU sec, 1.393 real sec
[M::process] read block (19660800)...
[M::mem_process_seqs_merge2] Processed 52287 reads in 1.400 CPU sec, 1.404 real sec
[M::process] read block (19660800)...
[M::mem_process_seqs_merge2] Processed 51793 reads in 1.410 CPU sec, 1.410 real sec
[M::process] read block (19660800)...
[M::mem_process_seqs_merge2] Processed 51737 reads in 1.320 CPU sec, 1.312 real sec
[M::process] read block (19660800)...
[M::mem_process_seqs_merge2] Processed 51737 reads in 1.350 CPU sec, 1.350 real sec
[M::process] read block (19660800)...
[M::mem_process_seqs_merge2] Processed 51737 reads in 1.350 CPU sec, 1.349 real sec
[M::process] read block (19660800)...
[M::mem_process_seqs_merge2] Processed 51737 reads in 1.380 CPU sec, 1.383 real sec
[M::process] read block (19660800)...
[M::mem_process_seqs_merge2] Processed 51737 reads in 1.390 CPU sec, 1.390 real sec
[M::process] read block (19660800)...
[M::mem_process_seqs_merge2] Processed 51737 reads in 1.420 CPU sec, 1.416 real sec
[M::process] read block (19660800)...
[M::mem_process_seqs_merge2] Processed 51737 reads in 1.430 CPU sec, 1.431 real sec
[M::process] read block (19660800)...
[M::mem_process_seqs_merge2] Processed 51737 reads in 1.430 CPU sec, 1.426 real sec
[M::process] read block (19660800)...
[M::mem_process_seqs_merge2] Processed 51737 reads in 1.340 CPU sec, 1.341 real sec
[M::process] read block (19660800)...
[M::mem_process_seqs_merge2] Processed 51737 reads in 1.430 CPU sec, 1.425 real sec
[M::process] read block (19660800)...
[M::mem_process_seqs_merge2] Processed 51737 reads in 1.350 CPU sec, 1.353 real sec
[M::process] read block (19660800)...
[M::mem_process_seqs_merge2] Processed 51737 reads in 1.410 CPU sec, 1.419 real sec
[M::process] read block (19660800)...
[M::mem_process_seqs_merge2] Processed 51737 reads in 1.340 CPU sec, 1.339 real sec
[M::process] read block (19660800)...
[M::mem_process_seqs_merge2] Processed 51737 reads in 1.380 CPU sec, 1.380 real sec
[M::process] read block (19660800)...
[M::mem_process_seqs_merge2] Processed 51737 reads in 1.390 CPU sec, 1.395 real sec
[M::process] read block (19660800)...
[M::mem_process_seqs_merge2] Processed 51737 reads in 1.370 CPU sec, 1.370 real sec
[M::process] read block (19660800)...
[M::mem_process_seqs_merge2] Processed 51737 reads in 1.390 CPU sec, 1.386 real sec
[M::process] read block (19660800)...
[M::mem_process_seqs_merge2] Processed 51737 reads in 1.380 CPU sec, 1.387 real sec
[M::process] read block (19660800)...
[M::mem_process_seqs_merge2] Processed 51737 reads in 1.430 CPU sec, 1.428 real sec
[M::process] read block (19660800)...
[M::mem_process_seqs_merge2] Processed 51737 reads in 1.370 CPU sec, 1.376 real sec
[M::process] read block (19660800)...
[M::mem_process_seqs_merge2] Processed 51737 reads in 1.460 CPU sec, 1.461 real sec
[M::process] read block (19660800)...
[M::mem_process_seqs_merge2] Processed 51737 reads in 1.390 CPU sec, 1.389 real sec
[M::process] read block (19660800)...
[M::mem_process_seqs_merge2] Processed 51737 reads in 1.440 CPU sec, 1.433 real sec
[M::process] read block (19660800)...
[M::mem_process_seqs_merge2] Processed 51737 reads in 1.380 CPU sec, 1.376 real sec
[M::process] read block (19660800)...
[M::mem_process_seqs_merge2] Processed 51737 reads in 1.320 CPU sec, 1.323 real sec
[M::process] read block (19660800)...
[M::mem_process_seqs_merge2] Processed 51737 reads in 1.350 CPU sec, 1.357 real sec
[M::process] read block (19660800)...
[M::mem_process_seqs_merge2] Processed 51737 reads in 1.420 CPU sec, 1.420 real sec
[M::process] read block (19660800)...
[M::mem_process_seqs_merge2] Processed 51737 reads in 1.410 CPU sec, 1.406 real sec
[M::process] read block (19660800)...
[M::mem_process_seqs_merge2] Processed 4936 reads in 0.240 CPU sec, 0.241 real sec
[M::process] read block (19660800)...

======================= SWBWA Timing Report =======================
  Accumulated wall-clock time; indented rows are included in
  their parent row and must not be added to it.

  Pipeline
    total - complete three-stage pipeline                   104.535 s
    stage 1 - allocate and read raw FASTQ blocks              9.867 s
    stage 2 - align reads and generate SAM records           71.119 s
    stage 3 - write SAM and release batch data               23.514 s
      SAM output writes                                        22.605 s
      batch cleanup and loop overhead (derived)                 0.909 s

  Stage 2 worker details
    total - active merge worker                              71.114 s
      part 1 - prepare CPE task and reusable buffers            1.096 s
      part 2 - CPE FASTQ formatting and input release           0.248 s
      part 3 - CPE alignment and SAM length pass               69.271 s
      part 4 - assign slices in the shared SAM buffer           0.174 s
      part 5 - CPE SAM record generation                        0.324 s
      part 6 - release temporary worker data                    0.001 s

  Reserved allocator timers (no active timing sites)
    malloc timer                                              0.000 s
    free timer                                                0.000 s
===================================================================

[main] Version: 0.0.1
[main] CMD: ./SWBWA mem -t 1 -1 -o sam_md5_subset_tests/SRR7963242_SE.sam -I 170,80,500,1 -K 50000000 ../data/GRCh38.d1.vd1.fa ../data/SRR7963242_1.fastq_1

===================== Host Memory Report =====================
  Process memory
    peak virtual memory (VmPeak)                   28.770 GiB  (   29460.711 MiB)
    current virtual memory (VmSize)                28.768 GiB  (   29458.727 MiB)
    peak resident memory (VmHWM)                    0.027 GiB  (      27.812 MiB)
    current resident memory (VmRSS)                 0.027 GiB  (      27.812 MiB)

  Wrapped allocation requests
    malloc calls                                      305
    calloc calls                                       63
    realloc calls                                       3
    strdup calls                                     5558
    free calls                                       5975
    allocation calls                                 5929
    failed allocation calls                             0

  Requested bytes (cumulative, not concurrent)
    malloc                                         12.812 GiB  (   13119.901 MiB)
    calloc                                          5.065 GiB  (    5186.454 MiB)
    realloc target sizes                            0.000 GiB  (       0.000 MiB)
    strdup                                          0.000 GiB  (       0.335 MiB)
    total requested                                17.878 GiB  (   18306.690 MiB)
    largest single request                          2.894 GiB  (    2963.616 MiB)
    largest request site: bwt.c:475 (bwt_restore_bwt)
==============================================================
